Name: CCTV-1, URL: http://php.jdshipin.com/TVOD/iptv.php?id=rthk33, IPv_Type: ipv4, Date: None, Delay: 2145 ms, Speed: 4.48 M/s, Resolution: 1920x1080
Name: CCTV-1, URL: http://php.jdshipin.com:8880/TVOD/iptv.php?id=rthk33, IPv_Type: ipv4, Date: None, Delay: 2303 ms, Speed: 4.29 M/s, Resolution: 1920x1080
Name: CCTV-1, URL: https://rthktv33-live.akamaized.net/hls/live/2101641/RTHKTV33/stream05/streamPlaylist.m3u8?, IPv_Type: ipv4, Date: None, Delay: 1703 ms, Speed: 3.91 M/s, Resolution: 1920x1080
Name: CCTV-1, URL: https://cdn5.163189.xyz/live/cctv1/stream.m3u8, IPv_Type: ipv4, Date: None, Delay: 441 ms, Speed: 22.56 M/s, Resolution: 1920x1080
Name: CCTV-1, URL: http://59.188.94.126:35455/bptv/10000100000000050000000003864351.m3u8, IPv_Type: ipv4, Date: None, Delay: 6705 ms, Speed: 0.14 M/s, Resolution: None
Name: CCTV-2, URL: http://tvbox6.icu/tv/migu.php?id=cctv2, IPv_Type: ipv4, Date: None, Delay: 1597 ms, Speed: 0.49 M/s, Resolution: 1920x1080
Name: CCTV-2, URL: http://kkk.jjjj.jiduo.me/api.php?n=tttt&id=f074da&tk=6949f8ce7202, IPv_Type: ipv4, Date: None, Delay: 1574 ms, Speed: 1.41 M/s, Resolution: 1920x1080
Name: CCTV-2, URL: http://59.188.94.126:35455/bptv/10000100000000050000000003870745.m3u8, IPv_Type: ipv4, Date: None, Delay: 6349 ms, Speed: 0.14 M/s, Resolution: None
Name: CCTV-3, URL: http://kkk.jjjj.jiduo.me/api.php?n=tttt&id=945e8b&tk=6949f8ce7202, IPv_Type: ipv4, Date: None, Delay: -1 ms, Speed: 0.00 M/s, Resolution: None
Name: CCTV-3, URL: http://kkk.jjjj.jiduo.me/api.php?n=tttt&id=fdb530&tk=6949f8ce7202, IPv_Type: ipv4, Date: None, Delay: 1897 ms, Speed: 1.39 M/s, Resolution: 1920x1080
Name: CCTV-3, URL: http://59.188.94.126:35455/bptv/10000100000000050000000003870746.m3u8, IPv_Type: ipv4, Date: None, Delay: 6109 ms, Speed: 0.14 M/s, Resolution: None
Name: CCTV-4, URL: http://tvbox6.icu/tv/migu.php?id=cctv4o, IPv_Type: ipv4, Date: None, Delay: 1659 ms, Speed: 0.82 M/s, Resolution: 1920x1080
Name: CCTV-4, URL: http://kkk.jjjj.jiduo.me/api.php?n=tttt&id=8fb125&tk=6949f8ce7202, IPv_Type: ipv4, Date: None, Delay: -1 ms, Speed: 0.00 M/s, Resolution: None
Name: CCTV-4, URL: http://kkk.jjjj.jiduo.me/api.php?n=tttt&id=4a66b3&tk=6949f8ce7202, IPv_Type: ipv4, Date: None, Delay: 357 ms, Speed: 0.53 M/s, Resolution: None
Name: CCTV-4, URL: http://kkk.jjjj.jiduo.me/api.php?n=tttt&id=e90d1d&tk=6949f8ce7202, IPv_Type: ipv4, Date: None, Delay: 2084 ms, Speed: 0.99 M/s, Resolution: 1920x1080
Name: CCTV-4, URL: http://kkk.jjjj.jiduo.me/api.php?n=tttt&id=e94a90&tk=6949f8ce7202, IPv_Type: ipv4, Date: None, Delay: 1906 ms, Speed: 1.26 M/s, Resolution: 1920x1080
Name: CCTV-4, URL: http://59.188.94.126:35455/bptv/10000100000000050000000003870747.m3u8, IPv_Type: ipv4, Date: None, Delay: 6728 ms, Speed: 0.14 M/s, Resolution: 1920x1080
Name: CCTV-5, URL: http://kkk.jjjj.jiduo.me/api.php?n=tttt&id=c8ead1&tk=6949f8ce7202, IPv_Type: ipv4, Date: None, Delay: 1453 ms, Speed: 1.90 M/s, Resolution: 1920x1080
Name: CCTV-5, URL: https://ldcctvwbcdks.v.kcdnvip.com/ldcctvwbcd/cdrmldcctv5plus_1/index.m3u8?b=200-2100, IPv_Type: ipv6, Date: None, Delay: 1569 ms, Speed: 0.31 M/s, Resolution: None
Name: CCTV-5, URL: http://59.188.94.126:35455/bptv/10000100000000050000000003870748.m3u8, IPv_Type: ipv4, Date: None, Delay: 6143 ms, Speed: 0.13 M/s, Resolution: None
Name: CCTV-5+, URL: http://59.188.94.126:35455/bptv/10000100000000050000000003870759.m3u8, IPv_Type: ipv4, Date: None, Delay: 6064 ms, Speed: 0.14 M/s, Resolution: None
Name: CCTV-6, URL: http://kkk.jjjj.jiduo.me/api.php?n=tttt&id=d345f6&tk=6949f8ce7202, IPv_Type: ipv4, Date: None, Delay: 2272 ms, Speed: 1.38 M/s, Resolution: 1920x1080
Name: CCTV-6, URL: http://59.188.94.126:35455/bptv/10000100000000050000000003870749.m3u8, IPv_Type: ipv4, Date: None, Delay: 6123 ms, Speed: 0.14 M/s, Resolution: None
Name: CCTV-7, URL: https://live.junhao.mil.cn/rmt9502/3e6e7c5477314ec38f5e58e2a5c70024.m3u8?txSecret=57978fafb9c19880afa5c8687e8241d8&txTime=7A42BAFF, IPv_Type: ipv4, Date: None, Delay: 1918 ms, Speed: 0.81 M/s, Resolution: 1920x1080
Name: CCTV-7, URL: https://www.freetv.top/migu/673168121.m3u8?migutoken=574d7f499abe28260750cc94be57fac402b5f84b72ecb907cf459ce8d58381c92f1a7208e1b83a752dcb0500c1839caea4e4747510bac25b9090fa959b172ce5389a900b4612dde9e9d594cf2e, IPv_Type: ipv4, Date: None, Delay: 63 ms, Speed: 6.64 M/s, Resolution: 1920x1080
Name: CCTV-7, URL: https://www.freetv.top/migu/673168121.m3u8?migutoken=e78f83938702d1bbe1b942fbec9a4863f5e3233d946d4cb9d5650315c000e4b18fbeeecf6ea2debe700775517292edb56b8b5d596b464d112fbf4dc3fab926b0f9ec01cf52b7a4a97b4be82ad4, IPv_Type: ipv4, Date: None, Delay: 63 ms, Speed: 7.13 M/s, Resolution: 1920x1080
Name: CCTV-7, URL: http://kkk.jjjj.jiduo.me/api.php?n=tttt&id=e7c2f8&tk=6949f8ce7202, IPv_Type: ipv4, Date: None, Delay: 1949 ms, Speed: 1.20 M/s, Resolution: 1920x1080
Name: CCTV-7, URL: http://59.188.94.126:35455/bptv/10000100000000050000000003870750.m3u8, IPv_Type: ipv4, Date: None, Delay: 6764 ms, Speed: 0.13 M/s, Resolution: 1920x1080
Name: CCTV-8, URL: https://www.freetv.top/migu/624878356.m3u8?migutoken=6dccb38c956e0bb4edee41c25621f99cedfb18e4ce661f2543a392a7a50d305d1f4764210e01011a2b0cc1d14cf85264aae641856c2e6c7b6414088973a624170f2087daecc28e8944035c7490, IPv_Type: ipv4, Date: None, Delay: 59 ms, Speed: 7.40 M/s, Resolution: 1920x1080
Name: CCTV-8, URL: http://kkk.jjjj.jiduo.me/api.php?n=tttt&id=804225&tk=6949f8ce7202, IPv_Type: ipv4, Date: None, Delay: 1409 ms, Speed: 1.02 M/s, Resolution: 1920x1080
Name: CCTV-8, URL: http://59.188.94.126:35455/bptv/10000100000000050000000003870838.m3u8, IPv_Type: ipv4, Date: None, Delay: 6286 ms, Speed: 0.14 M/s, Resolution: None
Name: CCTV-9, URL: https://www.freetv.top/migu/673168140.m3u8?migutoken=32f20b17d3c7bff0b9089c8663f150a392ce13d1df9995a28c4323e1dc5a31e1aa745425fc53d82943ed6cb0efba69c61fb08d40663d483af3e68fbb853e1b706218bd7a063b79e8cf9e9451eb, IPv_Type: ipv4, Date: None, Delay: 66 ms, Speed: 6.67 M/s, Resolution: 1920x1080
Name: CCTV-9, URL: https://www.freetv.top/migu/673168140.m3u8?migutoken=9cebd017730e6020100052694015764931490d9ade0a92839f3198d104590414f3e93626dcf6f49b091a21735b592dc818723022c59d669f301e707c1ec905675a758fc939301e086d4569e77d, IPv_Type: ipv4, Date: None, Delay: 80 ms, Speed: 6.58 M/s, Resolution: 1920x1080
Name: CCTV-9, URL: https://www.freetv.top/migu/673168140.m3u8?migutoken=0f1a623dca6f658303aaa4999b3ace15c780e46aa170dd3d91f0e82333ce6046e6bab6fa6948fba878c2b6e0cf9d1f04d09cc1ebaed71350ec282ef8595200813c491a3e23da08b3242755d891, IPv_Type: ipv4, Date: None, Delay: 68 ms, Speed: 6.68 M/s, Resolution: 1920x1080
Name: CCTV-9, URL: http://omnix.cn:4000/udp/225.1.8.9:8112, IPv_Type: ipv4, Date: None, Delay: 362 ms, Speed: 0.38 M/s, Resolution: 1920x1080
Name: CCTV-9, URL: https://www.freetv.top/migu/673168140.m3u8?migutoken=f5a0447d474381f05ad937a4933b37ad2b07fac33d1b26c56fe53ec50cce3fd26529a6dab3c763a4ea36cf43e62259fb3c8e130e447f30524fe9fb12f2a2b4200155d739c8b640dc6ce40d2669, IPv_Type: ipv4, Date: None, Delay: 62 ms, Speed: 7.33 M/s, Resolution: 1920x1080
Name: CCTV-9, URL: http://kkk.jjjj.jiduo.me/api.php?n=tttt&id=f38e40&tk=6949f8ce7202, IPv_Type: ipv4, Date: None, Delay: 1802 ms, Speed: 1.23 M/s, Resolution: 1920x1080
Name: CCTV-9, URL: http://59.188.94.126:35455/bptv/10000100000000050000000003870752.m3u8, IPv_Type: ipv4, Date: None, Delay: 6706 ms, Speed: 0.14 M/s, Resolution: None
Name: CCTV-10, URL: http://www.freetv.top/migu/624878405.m3u8?migutoken=994dc87ce4767211215bbc02fa208301259959a2d995deb9996c41b650e244fc75c3d5bae41d623bed5ba96aa38c7ea483d856771c119f74e8bb93fb60dc8304e146d0bf46405e88554d84e414, IPv_Type: ipv4, Date: None, Delay: 65 ms, Speed: 6.97 M/s, Resolution: 1920x1080
Name: CCTV-10, URL: https://www.freetv.top/migu/624878405.m3u8?migutoken=b1b22121df2bcd800e793b36913fab68d316021b76f648524809136fb73c1f61bca55e7a5b0562383be65dfcb00d638501b42d41f4e66fc266c568cf7a9986d9178f59c8f802bee2700c475a63, IPv_Type: ipv4, Date: None, Delay: 57 ms, Speed: 7.31 M/s, Resolution: 1920x1080
Name: CCTV-10, URL: https://www.freetv.top/migu/624878405.m3u8?migutoken=cdd677bf376d3c88ad570a045459ef0e4297b0711bb8efa426e16b4c0d069c853fdc539b08e8af8014b7362ec2443685fa9b75e5e55c425a2700ddd298bb7a0a104c8e034135b4f2456d0c26ca, IPv_Type: ipv4, Date: None, Delay: 77 ms, Speed: 6.55 M/s, Resolution: 1920x1080
Name: CCTV-10, URL: https://www.freetv.top/migu/624878405.m3u8?migutoken=c9f89ca38aecd9efd7438d02f07aae1d622407222b2143b84ac81a0b8046d4edf31dff9b382a346f7ec0e11cfbe4780dc7b671024edc7d941d9f8e52bc23439b00a4cd935c472de660659d90ae, IPv_Type: ipv4, Date: None, Delay: 63 ms, Speed: 6.99 M/s, Resolution: 1920x1080
Name: CCTV-10, URL: http://kkk.jjjj.jiduo.me/api.php?n=tttt&id=091718&tk=6949f8ce7202, IPv_Type: ipv4, Date: None, Delay: 352 ms, Speed: 0.00 M/s, Resolution: 1920x1080
Name: CCTV-10, URL: http://59.188.94.126:35455/bptv/10000100000000050000000003870753.m3u8, IPv_Type: ipv4, Date: None, Delay: 6293 ms, Speed: 0.11 M/s, Resolution: None
Name: CCTV-11, URL: https://www.freetv.top/migu/667987558.m3u8?migutoken=0960d7e074be53abeacd988e7daaca6d1477b1f255f98a01c33c7adf74ac246fe65a23451c3cff9b1203a6285cec778b6d488bd805e9d2433abe3ca23eb24e4f2a5f36bba821773558e1dec231, IPv_Type: ipv4, Date: None, Delay: 61 ms, Speed: 7.16 M/s, Resolution: 1920x1080
Name: CCTV-11, URL: http://kkk.jjjj.jiduo.me/api.php?n=tttt&id=0ca1fc&tk=6949f8ce7202, IPv_Type: ipv4, Date: None, Delay: 2170 ms, Speed: 1.07 M/s, Resolution: 1920x1080
Name: CCTV-11, URL: http://59.188.94.126:35455/bptv/10000100000000050000000003870754.m3u8, IPv_Type: ipv4, Date: None, Delay: 6340 ms, Speed: 0.13 M/s, Resolution: 1920x1080
Name: CCTV-12, URL: https://www.freetv.top/migu/673168185.m3u8?migutoken=37acadb43b1d7932b0a1e8a4f2d01a06b42a10c31f3ccb417bae200ac3028f30a8110509f2cd6cd130aee4b21c85693aa49817f3381e4d28e140d8db1a20b6fecea22fec17a70ff1341efe6081, IPv_Type: ipv4, Date: None, Delay: 67 ms, Speed: 6.64 M/s, Resolution: 1920x1080
Name: CCTV-12, URL: http://www.freetv.top/migu/673168185.m3u8?migutoken=21a3954b28c73a4240272889ec94c3318c23068f666c79e61379cb154a890e4e7e3c998a578b29a381972f128751898531cb713221ff95385afec91149321ad772e31489fa01e553c8223e976a, IPv_Type: ipv4, Date: None, Delay: 103 ms, Speed: 6.22 M/s, Resolution: 1920x1080
Name: CCTV-12, URL: https://www.freetv.top/migu/673168185.m3u8?migutoken=5423237e9d331ddbd254f9b34f235d2d3a581587f12081d6f4dc2e5fd33889675377b585750675d9d08c0a7620fee257f9f2994877ebd92907417411e935c2e49fbcbe53ead412cd81dfa7dfba, IPv_Type: ipv4, Date: None, Delay: 62 ms, Speed: 6.72 M/s, Resolution: 1920x1080
Name: CCTV-12, URL: https://www.freetv.top/migu/673168185.m3u8?migutoken=876a940958defb8a6514e54b9a992f0208f7db15754439ec4131d690bb68982f44bdfa6edbdbbdaf91035ca931a5577a8de3f1af81b18ee26104662899818f2703ab8bf49c63365ef4c1abb782, IPv_Type: ipv4, Date: None, Delay: 65 ms, Speed: 6.44 M/s, Resolution: 1920x1080
Name: CCTV-12, URL: https://www.freetv.top/migu/673168185.m3u8?migutoken=31f1f7706893174b07ad63d278f68bdbc05d1220b36e0b0e4562d7f178a678551b4a327c4a82e2d31097779e60029fb200d4b109d504cc7e3b1b689ebc69e062a20f41e4bbba0fadcf402d0293, IPv_Type: ipv4, Date: None, Delay: 68 ms, Speed: 6.38 M/s, Resolution: 1920x1080
Name: CCTV-12, URL: https://www.freetv.top/migu/673168185.m3u8?migutoken=ff6a5a89e6ad0f73cd78424df3be0abe3743e8bbd37698f2dcee8ece0d6ffbe0c1205c704c08924958889799dcc66d9333f4273e5dc9ead670713fd2b2292e201873fb66020ec85899c7bd2a05, IPv_Type: ipv4, Date: None, Delay: 58 ms, Speed: 7.62 M/s, Resolution: 1920x1080
Name: CCTV-12, URL: https://www.freetv.top/migu/673168185.m3u8?migutoken=40766e9859972e6ae171d58afa7e850faae4246a22bcbd157d273c1bd3b350c0a628f5bf360a7db1d2783c2aadcb2234c9655b4da63085bdef253dcca0b0c76b5ac80d0f95782b3b7bd4a0e881, IPv_Type: ipv4, Date: None, Delay: 70 ms, Speed: 5.90 M/s, Resolution: 1920x1080
Name: CCTV-12, URL: https://www.freetv.top/migu/673168185.m3u8?migutoken=850e10c4b3e2559846e644627d1497207d19de95ff18847d49e0964a8624df5197b1262ebe2daea9c3cfc41d24fec5145f55e042a0eec5e360ac914bf90f7be722595f32839fa076275e91b466, IPv_Type: ipv4, Date: None, Delay: 63 ms, Speed: 6.37 M/s, Resolution: 1920x1080
Name: CCTV-12, URL: http://kkk.jjjj.jiduo.me/api.php?n=tttt&id=812011&tk=6949f8ce7202, IPv_Type: ipv4, Date: None, Delay: 1476 ms, Speed: 1.03 M/s, Resolution: 1920x1080
Name: CCTV-12, URL: http://59.188.94.126:35455/bptv/10000100000000050000000003870755.m3u8, IPv_Type: ipv4, Date: None, Delay: 6869 ms, Speed: 0.13 M/s, Resolution: 1920x1080
Name: CCTV-13, URL: https://event.pull.hebtv.com/jishi/cp1.m3u8, IPv_Type: ipv4, Date: None, Delay: 1597 ms, Speed: 1.82 M/s, Resolution: 1920x1080
Name: CCTV-13, URL: http://ali-m-l.cztv.com/channels/lantian/channel21/1080p.m3u8, IPv_Type: ipv4, Date: None, Delay: 261 ms, Speed: 8.09 M/s, Resolution: 1920x1080
Name: CCTV-13, URL: https://www.freetv.top/migu/608807423.m3u8?migutoken=ac19a58805588401a8e818b6dd00df9b327912af3611ba95f89235e7020821668a2b6dc65ccc3904967da59d0a9742565c56ea582baf8915d068035054818ef0f369dab64705a6a7f7120529ec, IPv_Type: ipv4, Date: None, Delay: 69 ms, Speed: 6.13 M/s, Resolution: 1920x1080
Name: CCTV-13, URL: http://www.freetv.top/migu/608807423.m3u8?migutoken=d8e7d5104925c13570533f5db2f808b4613be4d2901d3d406a67fca92ee219bc3692dff97d63d38123fde519465b77404b0a2c0c59bec5e83ad2be42019845acc7e59290159021d585352689cc, IPv_Type: ipv4, Date: None, Delay: 64 ms, Speed: 7.11 M/s, Resolution: 1920x1080
Name: CCTV-13, URL: https://www.freetv.top/migu/608807423.m3u8?migutoken=b3b4ddc2f6494b8b098f8722480f65f33fabde80e2873f9c7ad3a37c1d0e0053da396027d844896109a0c960d9c8be0b4932204b5648e71ef398f07c48501fade68f689c2175b139ba190f4ab4, IPv_Type: ipv4, Date: None, Delay: 64 ms, Speed: 7.09 M/s, Resolution: 1920x1080
Name: CCTV-13, URL: https://www.freetv.top/migu/608807423.m3u8?migutoken=d04a0fbe708570ac8859ed559ac6241f3a9da203b9f1dcecbbb627c30fca3aac016d99c7e9dc1efa5b5bd973de8170af65d84d3bfdc932709679f2a688284458be83238ceef24aa5196ad54167, IPv_Type: ipv4, Date: None, Delay: 65 ms, Speed: 7.25 M/s, Resolution: 1920x1080
Name: CCTV-13, URL: https://www.freetv.top/migu/608807423.m3u8?migutoken=c2389cf5194aa51126151d56817f4b78c648be26d653da0ba123aedb4ac3bc7cf448bdf7e94a38f8a1d5ef942bd7584f21130d1702c97093596d8bf121dc9e10697c48b323b813404c8eff9ed6, IPv_Type: ipv4, Date: None, Delay: 60 ms, Speed: 7.52 M/s, Resolution: 1920x1080
Name: CCTV-13, URL: https://www.freetv.top/migu/608807423.m3u8?migutoken=ac75a7b224f6d682c32c041ab4e0382dbb3ff875e9f9296ab33b8f3b7d44ac493d7bf97160232973e9f25fe71232f5180c8fe73aaee23768741e101519263d172ad60f77351699f0863c60b8ff, IPv_Type: ipv4, Date: None, Delay: 63 ms, Speed: 6.89 M/s, Resolution: 1920x1080
Name: CCTV-13, URL: http://kkk.jjjj.jiduo.me/api.php?n=tttt&id=d0f621&tk=6949f8ce7202, IPv_Type: ipv4, Date: None, Delay: 365 ms, Speed: 0.00 M/s, Resolution: None
Name: CCTV-13, URL: http://59.188.94.126:35455/bptv/10000100000000050000000004796248.m3u8, IPv_Type: ipv4, Date: None, Delay: 6376 ms, Speed: 0.14 M/s, Resolution: None
Name: CCTV-14, URL: https://event.pull.hebtv.com/jishi/cp2.m3u8, IPv_Type: ipv4, Date: None, Delay: 1697 ms, Speed: 1.76 M/s, Resolution: 1920x1080
Name: CCTV-14, URL: https://www.freetv.top/migu/624878440.m3u8?migutoken=b1f130236741614ca1eaccd92217632731b3c3c0d831bbb7a25004e2ed6d8570b8de27efe2abc85d27a26651d421475c7d50ad99aa55c4aaf55222863fd9d0c80e6d6cf7b8ed52ec2e6cebdd95, IPv_Type: ipv4, Date: None, Delay: 63 ms, Speed: 7.17 M/s, Resolution: 1920x1080
Name: CCTV-14, URL: https://www.freetv.top/migu/624878440.m3u8?migutoken=1474d252464d0262ca3f07582748f3768a437115cb98649a10031e0d5681b87d30e16a623c48240db30de9831a46b6ab6040cacaab434ac72fa9ed65ccd886c33c6aab036f78698de7be28c8db, IPv_Type: ipv4, Date: None, Delay: 62 ms, Speed: 7.40 M/s, Resolution: 1920x1080
Name: CCTV-14, URL: https://www.freetv.top/migu/624878440.m3u8?migutoken=eaad08d0bfccf8c4382ff1f2e3c2f769c6d62fb1cda8b24b779b43b56eec4ac7a432e4bef55fc474d155a75d510d7ffeb41877414dd28a33953b642091bb06529b0e6d5af63a21c4c707a84d57, IPv_Type: ipv4, Date: None, Delay: 79 ms, Speed: 6.21 M/s, Resolution: 1920x1080
Name: CCTV-14, URL: https://www.freetv.top/migu/624878440.m3u8?migutoken=56c7feb8cb5f347901196e85642fd684252562a371f8eff91130c55f05b146a75525b0ded5bbd67d992fd86e47f3af37a5b87c9830db36e765e2b022af03ae4f28d4016c2f1bc9a60bc14d57b3, IPv_Type: ipv4, Date: None, Delay: 59 ms, Speed: 7.23 M/s, Resolution: 1920x1080
Name: CCTV-14, URL: https://www.freetv.top/migu/624878440.m3u8?migutoken=e6bd15e024af167f2ca00052d9bcd67ea8fb97ef7fc460b66c53fe1a4e5ef960f22ccc6ea16b995648364a330058a0f552e989000e7e98adfafc3a0259bb475e8c905ce600deedcd97464ca17f, IPv_Type: ipv4, Date: None, Delay: 62 ms, Speed: 6.99 M/s, Resolution: 1920x1080
Name: CCTV-14, URL: https://www.freetv.top/migu/624878440.m3u8?migutoken=85e854e85508f09545d95114a17c9609e15d0861306d1ddf01f1bcbe68f219f42ea58ab68946b738d64e5ce4933ecf5e23d08385f008f3c5b8552da1a620dc66ffa5cd7fb95a830ab4db88db85, IPv_Type: ipv4, Date: None, Delay: 61 ms, Speed: 6.92 M/s, Resolution: 1920x1080
Name: CCTV-14, URL: https://www.freetv.top/migu/624878440.m3u8?migutoken=ab4798f1f14300df6bd82662693a13bca4221eb41a68c2446d4c5eb5698887e49f91f026694f31371bc190c16f9cd7e54c61f26e87d09df9aed2e3c5b4c31fa798e2b5f5ba65560ed48591f52a, IPv_Type: ipv4, Date: None, Delay: 59 ms, Speed: 6.86 M/s, Resolution: 1920x1080
Name: CCTV-14, URL: http://kkk.jjjj.jiduo.me/api.php?n=tttt&id=0e249d&tk=6949f8ce7202, IPv_Type: ipv4, Date: None, Delay: 1928 ms, Speed: 0.75 M/s, Resolution: 1920x1080
Name: CCTV-14, URL: http://59.188.94.126:35455/bptv/10000100000000050000000003870756.m3u8, IPv_Type: ipv4, Date: None, Delay: 6436 ms, Speed: 0.13 M/s, Resolution: None
Name: CCTV-15, URL: http://59.188.94.126:35455/bptv/10000100000000050000000003870757.m3u8, IPv_Type: ipv4, Date: None, Delay: 6155 ms, Speed: 0.14 M/s, Resolution: None
Name: CCTV-16, URL: http://kkk.jjjj.jiduo.me/api.php?n=tttt&id=1a7fd2&tk=6949f8ce7202, IPv_Type: ipv4, Date: None, Delay: 355 ms, Speed: 0.23 M/s, Resolution: 1920x1080
Name: CCTV-16, URL: http://59.188.94.126:35455/bptv/10000100000000050000000004972604.m3u8, IPv_Type: ipv4, Date: None, Delay: 6196 ms, Speed: 0.14 M/s, Resolution: None
Name: CCTV-17, URL: http://kkk.jjjj.jiduo.me/api.php?n=tttt&id=1a25f5&tk=6949f8ce7202, IPv_Type: ipv4, Date: None, Delay: 1877 ms, Speed: 1.21 M/s, Resolution: 1920x1080
Name: CCTV-17, URL: http://59.188.94.126:35455/bptv/10000100000000050000000003870758.m3u8, IPv_Type: ipv4, Date: None, Delay: 6560 ms, Speed: 0.13 M/s, Resolution: None
Name: 广东卫视, URL: http://dsj.motem.top:8880/bptv/10000100000000050000000003873459.m3u8, IPv_Type: ipv4, Date: None, Delay: 4562 ms, Speed: 3.80 M/s, Resolution: 1920x1080
Name: 浙江卫视, URL: https://ali-m-l.cztv.com/channels/lantian/channel001/1080p.m3u8, IPv_Type: ipv4, Date: None, Delay: 2074 ms, Speed: 1.94 M/s, Resolution: 1920x1080
Name: 浙江卫视, URL: http://ali-m-l.cztv.com:80/channels/lantian/channel001/1080p.m3u8, IPv_Type: ipv6, Date: None, Delay: 1819 ms, Speed: 2.15 M/s, Resolution: 1920x1080
Name: 浙江卫视, URL: http://ali-m-l.cztv.com/channels/lantian/channel01/1080p.m3u8, IPv_Type: ipv4, Date: None, Delay: 1368 ms, Speed: 0.50 M/s, Resolution: 1920x1080
Name: 浙江卫视, URL: http://dsj.motem.top:8880/bptv/10000100000000050000000003873464.m3u8, IPv_Type: ipv4, Date: None, Delay: 6021 ms, Speed: 3.95 M/s, Resolution: 1920x1080
Name: 浙江卫视, URL: http://kkk.jjjj.jiduo.me/api.php?n=tttt&id=f30e23&tk=6949f8ce7202, IPv_Type: ipv4, Date: None, Delay: 1889 ms, Speed: 2.09 M/s, Resolution: 1920x1080
Name: 浙江卫视, URL: http://kkk.jjjj.jiduo.me/api.php?n=tttt&id=a0d27c&tk=6949f8ce7202, IPv_Type: ipv4, Date: None, Delay: -1 ms, Speed: 0.00 M/s, Resolution: None
Name: 浙江卫视, URL: https://ali-m-l.cztv.com/channels/lantian/channel001/1080p.m3u8?, IPv_Type: ipv6, Date: None, Delay: 2022 ms, Speed: 2.01 M/s, Resolution: 1920x1080
Name: 浙江卫视, URL: http://ali-m-l.cztv.com/channels/lantian/channel001/1080p.m3u8, IPv_Type: ipv6, Date: None, Delay: 1820 ms, Speed: 2.12 M/s, Resolution: 1920x1080
Name: 湖南卫视, URL: http://dsj.motem.top:8880/bptv/10000100000000050000000003873458.m3u8, IPv_Type: ipv4, Date: None, Delay: 2825 ms, Speed: 6.14 M/s, Resolution: 1920x1080
Name: 湖南卫视, URL: http://kkk.jjjj.jiduo.me/api.php?n=tttt&id=6f76d8&tk=6949f8ce7202, IPv_Type: ipv4, Date: None, Delay: 2540 ms, Speed: 1.32 M/s, Resolution: 1920x1080
Name: 北京卫视, URL: http://qtest-play.btime.cn/live/btv_sn_20170706_s41_20m.m3u8, IPv_Type: ipv4, Date: None, Delay: 1677 ms, Speed: 2.50 M/s, Resolution: 3840x2160
Name: 北京卫视, URL: http://omnix.cn:4000/udp/225.1.8.21:8002, IPv_Type: ipv4, Date: None, Delay: 366 ms, Speed: 0.57 M/s, Resolution: 1920x1080
Name: 北京卫视, URL: http://dsj.motem.top:8880/bptv/10000100000000050000000003870776.m3u8, IPv_Type: ipv4, Date: None, Delay: 3411 ms, Speed: 4.02 M/s, Resolution: 1920x1080
Name: 北京卫视, URL: https://hsplay-360.v.btime.com/live_btime/btv_sn_20170706_s1/index.m3u8?time=1746309608&sign=2f6b8efbe37d44b7e19a1c425fe59c94, IPv_Type: ipv4, Date: None, Delay: 6448 ms, Speed: 0.27 M/s, Resolution: 1920x1080
Name: 北京卫视, URL: http://kkk.jjjj.jiduo.me/api.php?n=tttt&id=97b140&tk=6949f8ce7202, IPv_Type: ipv4, Date: None, Delay: 2198 ms, Speed: 1.47 M/s, Resolution: 1920x1080
Name: 北京卫视, URL: http://kkk.jjjj.jiduo.me/api.php?n=tttt&id=69c952&tk=6949f8ce7202, IPv_Type: ipv4, Date: None, Delay: 6937 ms, Speed: 0.18 M/s, Resolution: None
Name: 北京卫视, URL: https://hsplay-360.v.btime.com/live_btime/btv_sn_20170706_s1/index.m3u8?time=1746392408&sign=d5dd3f3cec643fe5482d3867f8802263, IPv_Type: ipv4, Date: None, Delay: 6749 ms, Speed: 0.14 M/s, Resolution: 1920x1080
Name: 湖北卫视, URL: http://dsj.motem.top:8880/bptv/10000100000000050000000003873465.m3u8, IPv_Type: ipv6, Date: None, Delay: 3503 ms, Speed: 5.73 M/s, Resolution: 1920x1080
Name: 湖北卫视, URL: http://kkk.jjjj.jiduo.me/api.php?n=tttt&id=8b2d76&tk=6949f8ce7202, IPv_Type: ipv4, Date: None, Delay: 1756 ms, Speed: 1.26 M/s, Resolution: 1920x1080
Name: 黑龙江卫视, URL: http://dsj.motem.top:8880/bptv/10000100000000050000000003873470.m3u8, IPv_Type: ipv4, Date: None, Delay: 2472 ms, Speed: 5.32 M/s, Resolution: 1920x1080
Name: 黑龙江卫视, URL: http://kkk.jjjj.jiduo.me/api.php?n=tttt&id=693218&tk=6949f8ce7202, IPv_Type: ipv4, Date: None, Delay: 346 ms, Speed: 0.34 M/s, Resolution: 1920x1080
Name: 黑龙江卫视, URL: http://kkk.jjjj.jiduo.me/api.php?n=tttt&id=8aad0f&tk=6949f8ce7202, IPv_Type: ipv4, Date: None, Delay: 2098 ms, Speed: 2.42 M/s, Resolution: 1920x1080
Name: 安徽卫视, URL: http://dsj.motem.top:8880/bptv/10000100000000050000000003873469.m3u8, IPv_Type: ipv4, Date: None, Delay: 3007 ms, Speed: 4.41 M/s, Resolution: 1920x1080
Name: 安徽卫视, URL: http://kkk.jjjj.jiduo.me/api.php?n=tttt&id=26f0e2&tk=6949f8ce7202, IPv_Type: ipv4, Date: None, Delay: 2295 ms, Speed: 1.66 M/s, Resolution: 1920x1080
Name: 重庆卫视, URL: http://dsj.motem.top:8880/bptv/10000100000000050000000004796458.m3u8, IPv_Type: ipv4, Date: None, Delay: 6003 ms, Speed: 2.56 M/s, Resolution: 1920x1080
Name: 重庆卫视, URL: http://kkk.jjjj.jiduo.me/api.php?n=tttt&id=1ee534&tk=6949f8ce7202, IPv_Type: ipv4, Date: None, Delay: 2413 ms, Speed: 1.59 M/s, Resolution: 1920x1080
Name: 东方卫视, URL: http://aktv_stream1.m16tv.cfd/stream/aktv3/null/AKTV.m3u8, IPv_Type: ipv4, Date: None, Delay: 2083 ms, Speed: 1.06 M/s, Resolution: 1920x1080
Name: 东方卫视, URL: https://www.freetv.top/migu/651632648.m3u8?migutoken=95759756a54e94e55327bb13b854f38b8804506300bc7b2dc6d7896518d1cb705d68a47d6e445836946d997e2a858592d4082bf57643ec7ac74aa8bdd99fb70b8ab534cb9b55a950291eb07c63, IPv_Type: ipv4, Date: None, Delay: 62 ms, Speed: 6.89 M/s, Resolution: 1920x1080
Name: 东方卫视, URL: https://www.freetv.top/migu/651632648.m3u8?migutoken=82404ece5a3e1172fe62375275fbec1972e5760ebab5a792834d63b128c6d25cdbb7e8922093aebaf6b4ff8a12f4970bb82639383bb1571a21e1e74fda3c763651392bb4b918419230e8b830e0, IPv_Type: ipv4, Date: None, Delay: 99 ms, Speed: 4.72 M/s, Resolution: 1920x1080
Name: 东方卫视, URL: https://www.freetv.top/migu/651632648.m3u8?migutoken=d403039fa45cf7d529b6d60f2013bb301f0c8307f8963a33f46435ff086b28e4099cb523a6a3363b17a4f74b52c83d12b497292d07e7233384e97ebf993f7c940ec7fe4f5f2190f2a21e419ac9, IPv_Type: ipv4, Date: None, Delay: 77 ms, Speed: 5.87 M/s, Resolution: 1920x1080
Name: 东方卫视, URL: https://www.freetv.top/migu/651632648.m3u8?migutoken=09c24b255d931b105b2a0e0e73a2fce2a18eee043d7a80fc7edd3f45e8733a027c9a3344cf85daf80107cb437dc0f0309e092eddf78b6e8fad23169f7600e832abe4c34f59e2db45f1ef90144c, IPv_Type: ipv4, Date: None, Delay: 93 ms, Speed: 5.27 M/s, Resolution: 1920x1080
Name: 东方卫视, URL: https://www.freetv.top/migu/651632648.m3u8?migutoken=1b29e441e8d640f9f4d3b7f1798bd6cd0036bcfcab7fb7353718a02767b7d7a91bd78405a1b2ae2b5a477e2b6964c8e1c10e40b15cf06fc2a353f8968e69c78ea27ea0e65ab6eaf17ed9e0b8bc, IPv_Type: ipv4, Date: None, Delay: 73 ms, Speed: 5.86 M/s, Resolution: 1920x1080
Name: 东方卫视, URL: https://www.freetv.top/migu/651632648.m3u8?migutoken=c9a7a392335b6f990a4b233b6066770e1330aa6b6fed2a47f3985567ef8988af1b02bf0adfcc1243deb1fb6fb57ade7c90aa1550041f7c3dfe329e36daf55d57c902f86accec6e30f8ee9b773f, IPv_Type: ipv4, Date: None, Delay: 82 ms, Speed: 5.14 M/s, Resolution: 1920x1080
Name: 东方卫视, URL: https://www.freetv.top/migu/651632648.m3u8?migutoken=70f8eed447e228f3a56a4c95bfd1ef7936ab4f75e51e3265478e1262b62f33a7d7a4be2d80fd3585f29cd990ea0ee9d67f76f299229509e007f26ccd58641bc444d7baeccead6d0915dae8e089, IPv_Type: ipv4, Date: None, Delay: 107 ms, Speed: 5.17 M/s, Resolution: 1920x1080
Name: 东方卫视, URL: http://dsj.motem.top:8880/bptv/10000100000000050000000003873462.m3u8, IPv_Type: ipv4, Date: None, Delay: 2442 ms, Speed: 7.12 M/s, Resolution: 1920x1080
Name: 东南卫视, URL: http://live.zohi.tv/video/s10001-fztv-3/index.m3u8, IPv_Type: ipv4, Date: None, Delay: 1003 ms, Speed: 0.35 M/s, Resolution: 1920x1080
Name: 东南卫视, URL: http://dsj.motem.top:8880/bptv/10000100000000050000000003873473.m3u8, IPv_Type: ipv4, Date: None, Delay: 4508 ms, Speed: 4.92 M/s, Resolution: 1920x1080
Name: 广西卫视, URL: https://hlscdn.liangtv.cn/live/de0f97348eb84f62aa6b7d8cf0430770/dd505d87880c478f901f38560ca4d4e6.m3u8, IPv_Type: ipv4, Date: None, Delay: 753 ms, Speed: 2.43 M/s, Resolution: 1920x1080
Name: 广西卫视, URL: https://hlscdn.liangtv.cn/live/0c4ef3a44b934cacb8b47121dfada66c/d7e04258157b480dae53883cc6f8123b.m3u8, IPv_Type: ipv4, Date: None, Delay: 779 ms, Speed: 2.66 M/s, Resolution: 1920x1080
Name: 广西卫视, URL: http://kkk.jjjj.jiduo.me/api.php?n=tttt&id=f010b9&tk=6949f8ce7202, IPv_Type: ipv4, Date: None, Delay: -1 ms, Speed: 0.00 M/s, Resolution: 1920x1080
Name: 贵州卫视, URL: http://dsj.motem.top:8880/bptv/10000100000000050000000003873471.m3u8, IPv_Type: ipv4, Date: None, Delay: 2316 ms, Speed: 7.92 M/s, Resolution: 1920x1080
Name: 贵州卫视, URL: http://kkk.jjjj.jiduo.me/api.php?n=tttt&id=e747fb&tk=6949f8ce7202, IPv_Type: ipv4, Date: None, Delay: 353 ms, Speed: 0.23 M/s, Resolution: 1920x1080
Name: 贵州卫视, URL: http://kkk.jjjj.jiduo.me/api.php?n=tttt&id=1025df&tk=6949f8ce7202, IPv_Type: ipv4, Date: None, Delay: 2411 ms, Speed: 2.10 M/s, Resolution: 1920x1080
Name: 海南卫视, URL: http://kkk.jjjj.jiduo.me/api.php?n=tttt&id=4c12bd&tk=6949f8ce7202, IPv_Type: ipv4, Date: None, Delay: 2559 ms, Speed: 1.75 M/s, Resolution: 1920x1080
Name: 河北卫视, URL: http://kkk.jjjj.jiduo.me/api.php?n=tttt&id=3000aa&tk=6949f8ce7202, IPv_Type: ipv4, Date: None, Delay: 416 ms, Speed: 0.32 M/s, Resolution: 0x0
Name: 河南卫视, URL: http://1.94.31.214/php/hntv.php?id=hnws, IPv_Type: ipv4, Date: None, Delay: 116 ms, Speed: 9.27 M/s, Resolution: 1920x1080
Name: 河南卫视, URL: http://nctv.top/IDOEPpiryt/hntv.php?id=hnws, IPv_Type: ipv4, Date: None, Delay: 110 ms, Speed: 9.16 M/s, Resolution: 1920x1080
Name: 吉林卫视, URL: http://dsj.motem.top:8880/bptv/10000100000000050000000004972569.m3u8, IPv_Type: ipv4, Date: None, Delay: 5922 ms, Speed: 3.28 M/s, Resolution: 1920x1080
Name: 吉林卫视, URL: http://kkk.jjjj.jiduo.me/api.php?n=tttt&id=4cbc8f&tk=6949f8ce7202, IPv_Type: ipv4, Date: None, Delay: -1 ms, Speed: 0.00 M/s, Resolution: None
Name: 吉林卫视, URL: http://kkk.jjjj.jiduo.me/api.php?n=tttt&id=6fed29&tk=6949f8ce7202, IPv_Type: ipv4, Date: None, Delay: 2692 ms, Speed: 1.44 M/s, Resolution: 1920x1080
Name: 江苏卫视, URL: http://nctv.top/IDOEPpiryt/jstv5.php?id=jsws, IPv_Type: ipv4, Date: None, Delay: 2497 ms, Speed: 0.72 M/s, Resolution: 1920x1080
Name: 江苏卫视, URL: http://dsj.motem.top:8880/bptv/10000100000000050000000003873461.m3u8, IPv_Type: ipv4, Date: None, Delay: 4601 ms, Speed: 3.64 M/s, Resolution: 1920x1080
Name: 江苏卫视, URL: http://kkk.jjjj.jiduo.me/api.php?n=tttt&id=fb88fb&tk=6949f8ce7202, IPv_Type: ipv4, Date: None, Delay: 362 ms, Speed: 0.00 M/s, Resolution: None
Name: 江苏卫视, URL: http://kkk.jjjj.jiduo.me/api.php?n=tttt&id=5c4f6f&tk=6949f8ce7202, IPv_Type: ipv4, Date: None, Delay: 1574 ms, Speed: 1.16 M/s, Resolution: 1920x1080
Name: 江西卫视, URL: http://dsj.motem.top:8880/bptv/10000100000000050000000004796511.m3u8, IPv_Type: ipv4, Date: None, Delay: 5951 ms, Speed: 3.21 M/s, Resolution: 1920x1080
Name: 辽宁卫视, URL: http://dsj.motem.top:8880/bptv/10000100000000050000000003873468.m3u8, IPv_Type: ipv4, Date: None, Delay: 2766 ms, Speed: 6.07 M/s, Resolution: 1920x1080
Name: 内蒙古卫视, URL: https://ali-m-l.cztv.com/channels/lantian/channel007/1080p.m3u8, IPv_Type: ipv4, Date: None, Delay: 1856 ms, Speed: 0.98 M/s, Resolution: 1920x1080
Name: 内蒙古卫视, URL: https://livestream-bt.nmtv.cn/nmtv/3208526general.m3u8?txSecret=eb5a3102dd5406c7ffeddf560b024952&txTime=76B2F9A0, IPv_Type: ipv4, Date: None, Delay: 1376 ms, Speed: 0.62 M/s, Resolution: 1920x1080
Name: 山东卫视, URL: http://dsj.motem.top:8880/bptv/10000100000000050000000003873467.m3u8, IPv_Type: ipv4, Date: None, Delay: 1071 ms, Speed: 10.26 M/s, Resolution: 1920x1080
Name: 陕西卫视, URL: http://kkk.jjjj.jiduo.me/api.php?n=tttt&id=854366&tk=6949f8ce7202, IPv_Type: ipv4, Date: None, Delay: 1353 ms, Speed: 1.04 M/s, Resolution: 1920x1080
Name: 四川卫视, URL: http://kkk.jjjj.jiduo.me/api.php?n=tttt&id=e6031f&tk=6949f8ce7202, IPv_Type: ipv4, Date: None, Delay: 2705 ms, Speed: 1.61 M/s, Resolution: 1920x1080
Name: 深圳卫视, URL: http://yncbn.ks-cdn.gitv.tv/gitv_live/G_SHENZHEN-HQ/G_SHENZHEN-HQ.m3u8, IPv_Type: ipv4, Date: None, Delay: 1911 ms, Speed: 2.28 M/s, Resolution: 1920x1080
Name: 深圳卫视, URL: http://dsj.motem.top:8880/bptv/10000100000000050000000003873474.m3u8, IPv_Type: ipv4, Date: None, Delay: 2575 ms, Speed: 5.78 M/s, Resolution: 1920x1080
Name: 深圳卫视, URL: http://kkk.jjjj.jiduo.me/api.php?n=tttt&id=a93edc&tk=6949f8ce7202, IPv_Type: ipv4, Date: None, Delay: 2211 ms, Speed: 1.96 M/s, Resolution: 1920x1080
Name: 天津卫视, URL: http://dsj.motem.top:8880/bptv/10000100000000050000000003873466.m3u8, IPv_Type: ipv4, Date: None, Delay: 3075 ms, Speed: 4.09 M/s, Resolution: 1920x1080
Name: 天津卫视, URL: http://kkk.jjjj.jiduo.me/api.php?n=tttt&id=dff8d5&tk=6949f8ce7202, IPv_Type: ipv4, Date: None, Delay: 3022 ms, Speed: 2.12 M/s, Resolution: 1920x1080
Name: 云南卫视, URL: https://hwapi.yntv.net/ew265l/z1z6s5.m3u8, IPv_Type: ipv4, Date: None, Delay: 1475 ms, Speed: 0.68 M/s, Resolution: 1920x1080
Name: 广东珠江, URL: http://php.jdshipin.com/PLTV/iptv.php?id=gdzj, IPv_Type: ipv6, Date: None, Delay: 246 ms, Speed: 1.09 M/s, Resolution: 1920x1080
Name: 广东体育, URL: http://php.jdshipin.com/PLTV/iptv.php?id=gdty, IPv_Type: ipv6, Date: None, Delay: 195 ms, Speed: 1.04 M/s, Resolution: 1920x1080
Name: 广州综合, URL: https://tencentplay.gztv.com/live/zonghes.m3u8?txSecret=dce137597806f62ae6fdfc40328a336e&txTime=191b5fc1c86, IPv_Type: ipv4, Date: None, Delay: 1484 ms, Speed: 0.87 M/s, Resolution: None
Name: 广州影视, URL: http://kkk.jjjj.jiduo.me/api.php?n=tttt&id=8a6d0e&tk=6949f8ce7202, IPv_Type: ipv4, Date: None, Delay: 1462 ms, Speed: 0.84 M/s, Resolution: 1280x720
Name: 广州竞赛, URL: http://kkk.jjjj.jiduo.me/api.php?n=tttt&id=bd1283&tk=6949f8ce7202, IPv_Type: ipv4, Date: None, Delay: 6986 ms, Speed: 0.10 M/s, Resolution: 1280x720
Name: 广州竞赛, URL: http://kkk.jjjj.jiduo.me/api.php?n=tttt&id=d0e1f8&tk=6949f8ce7202, IPv_Type: ipv4, Date: None, Delay: 1463 ms, Speed: 0.41 M/s, Resolution: 1280x720
Name: 翡翠台, URL: http://php.jdshipin.com:8880/TVOD/iptv.php?id=fct3&token=512df05ba47edb46400575c93e179adb7981226d414516400ed1d382cb126adc517715d4ccd3a2276bf3c7b72d52f58905225cf0b1cc461b7888443f, IPv_Type: ipv4, Date: None, Delay: 481 ms, Speed: 18.31 M/s, Resolution: 1920x1080
Name: 翡翠台, URL: http://aktv-stream.m16tv.cfd/stream/aktv/null/AKTV.m3u8, IPv_Type: ipv4, Date: None, Delay: 2083 ms, Speed: 1.04 M/s, Resolution: 1920x1080
Name: 翡翠台, URL: http://php.jdshipin.com/TVOD/iptv.php?id=fct3, IPv_Type: ipv4, Date: None, Delay: 191 ms, Speed: 42.73 M/s, Resolution: 1920x1080
Name: 翡翠台, URL: http://php.jdshipin.com/TVOD/iptv.php?id=fct4, IPv_Type: ipv4, Date: None, Delay: 161 ms, Speed: 0.00 M/s, Resolution: 3840x2160
Name: 翡翠台, URL: https://cdn.163189.xyz/live/fct4k/stream.m3u8, IPv_Type: ipv4, Date: None, Delay: 68 ms, Speed: 0.00 M/s, Resolution: 3840x2160
Name: 翡翠台, URL: https://cdn3.163189.xyz/live/fct/stream.m3u8, IPv_Type: ipv4, Date: None, Delay: 195 ms, Speed: 40.45 M/s, Resolution: 1920x1080
Name: 翡翠台, URL: http://php.jdshipin.com:8880/PLTV/iptv.php?id=fct3, IPv_Type: ipv4, Date: None, Delay: 431 ms, Speed: 22.97 M/s, Resolution: 1920x1080
Name: 翡翠台, URL: http://php.jdshipin.com:8880/TVOD/iptv.php?id=fct4, IPv_Type: ipv4, Date: None, Delay: 181 ms, Speed: 1.22 M/s, Resolution: 3840x2160
Name: 翡翠台, URL: http://php.jdshipin.com/TVOD/iptv.php?id=fct2, IPv_Type: ipv4, Date: None, Delay: 490 ms, Speed: 17.42 M/s, Resolution: 1920x1080
Name: 翡翠台, URL: https://cdn.iptv8k.top/dl/jrys.php?id=3&time=20240926215313&ip=111.229.253.40, IPv_Type: ipv4, Date: None, Delay: 45 ms, Speed: 7.10 M/s, Resolution: 1920x1080
Name: 翡翠台, URL: http://php.jdshipin.com:8880/TVOD/iptv.php?id=fct3, IPv_Type: ipv4, Date: None, Delay: 524 ms, Speed: 18.83 M/s, Resolution: 1920x1080
Name: 翡翠台, URL: http://php.jdshipin.com:8880/TVOD/iptv.php?id=fct2, IPv_Type: ipv4, Date: None, Delay: 500 ms, Speed: 24.74 M/s, Resolution: 1920x1080
Name: 翡翠台, URL: https://cdn.iptv8k.top/dl/jrys.php?id=3&time=20240926215313&ip=111.229.253.40『线路08』, IPv_Type: ipv4, Date: None, Delay: 46 ms, Speed: 7.05 M/s, Resolution: 1920x1080
Name: 凤凰中文, URL: http://php.jdshipin.com:8880/TVOD/iptv.php?id=fhzw, IPv_Type: ipv4, Date: None, Delay: 205 ms, Speed: 1.20 M/s, Resolution: 1920x1080
Name: 凤凰中文, URL: http://php.jdshipin.com/TVOD/iptv.php?id=fhzw, IPv_Type: ipv4, Date: None, Delay: 185 ms, Speed: 1.19 M/s, Resolution: 1920x1080
Name: 凤凰中文, URL: https://cdn.163189.xyz/live/fhzw/stream.m3u8, IPv_Type: ipv4, Date: None, Delay: 212 ms, Speed: 1.13 M/s, Resolution: 1920x1080
Name: 凤凰中文, URL: http://php.jdshipin.com/PLTV/iptv.php?id=fhzw, IPv_Type: ipv4, Date: None, Delay: 166 ms, Speed: 1.27 M/s, Resolution: 1920x1080
Name: 凤凰中文, URL: http://cdn.163.dedyn.io/live/fhzw/stream.m3u8, IPv_Type: ipv4, Date: None, Delay: 208 ms, Speed: 1.21 M/s, Resolution: 1920x1080
Name: 凤凰中文, URL: http://cdn.163189.xyz/live/fhzw/stream.m3u8, IPv_Type: ipv4, Date: None, Delay: 208 ms, Speed: 1.15 M/s, Resolution: 1920x1080
Name: 凤凰资讯, URL: http://php.jdshipin.com:8880/TVOD/iptv.php?id=fhzx, IPv_Type: ipv4, Date: None, Delay: 388 ms, Speed: 15.66 M/s, Resolution: 1920x1080
Name: 凤凰资讯, URL: http://php.jdshipin.com/TVOD/iptv.php?id=fhzx, IPv_Type: ipv4, Date: None, Delay: 580 ms, Speed: 16.07 M/s, Resolution: 1920x1080
Name: 凤凰资讯, URL: https://cdn3.163189.xyz/live/fhzx/stream.m3u8, IPv_Type: ipv4, Date: None, Delay: 317 ms, Speed: 20.87 M/s, Resolution: 1920x1080
Name: 凤凰资讯, URL: https://cdn6.163189.xyz/live/fhzx/stream.m3u8, IPv_Type: ipv4, Date: None, Delay: 185 ms, Speed: 1.15 M/s, Resolution: 1920x1080
Name: 凤凰资讯, URL: http://php.jdshipin.com/PLTV/iptv.php?id=fhzx, IPv_Type: ipv4, Date: None, Delay: 426 ms, Speed: 21.38 M/s, Resolution: 1920x1080
Name: 凤凰资讯, URL: http://cdn3.163189.xyz/live/fhzx/stream.m3u8, IPv_Type: ipv4, Date: None, Delay: 142 ms, Speed: 39.63 M/s, Resolution: 1920x1080
Name: 凤凰香港, URL: https://cdn.iptv8k.top/dl/jrys.php?id=18&time=20240926215313&ip=111.229.253.40, IPv_Type: ipv4, Date: None, Delay: 43 ms, Speed: 7.10 M/s, Resolution: 1920x1080
Name: 凤凰香港, URL: http://php.jdshipin.com:8880/TVOD/iptv.php?id=fhhk, IPv_Type: ipv4, Date: None, Delay: 198 ms, Speed: 1.20 M/s, Resolution: 1920x1080
Name: 凤凰香港, URL: http://php.jdshipin.com/TVOD/iptv.php?id=fhhk, IPv_Type: ipv4, Date: None, Delay: 67 ms, Speed: 0.00 M/s, Resolution: 1920x1080
Name: 凤凰香港, URL: https://cdn6.163189.xyz/live/fhhk/stream.m3u8, IPv_Type: ipv4, Date: None, Delay: 189 ms, Speed: 1.28 M/s, Resolution: 1920x1080
Name: 凤凰香港, URL: http://php.jdshipin.com/PLTV/iptv.php?id=fhhk, IPv_Type: ipv4, Date: None, Delay: 206 ms, Speed: 1.15 M/s, Resolution: 1920x1080
Name: 纬来体育, URL: https://cdn.iptv8k.top/dl/jrys.php?id=291&time=20240926215313&ip=111.229.253.40, IPv_Type: ipv4, Date: None, Delay: 156 ms, Speed: 1.97 M/s, Resolution: 1920x1080
Name: 纬来体育, URL: https://cdn.iptv8k.top/dl/jrys.php?id=292&time=20240926215313&ip=111.229.253.40, IPv_Type: ipv4, Date: None, Delay: 35 ms, Speed: 8.83 M/s, Resolution: 1920x1080
Name: 纬来体育, URL: https://cdn.iptv8k.top/dl/jrys.php?id=292&amp;time=20240926215313&amp;ip=111.229.253.40, IPv_Type: ipv4, Date: None, Delay: 36 ms, Speed: 8.62 M/s, Resolution: 1920x1080
Name: 纬来育乐, URL: https://cdn.iptv8k.top/dl/jrys.php?id=289&time=20240926215313&ip=111.229.253.40, IPv_Type: ipv4, Date: None, Delay: 188 ms, Speed: 1.64 M/s, Resolution: 1920x1080
Name: J2, URL: http://php.jdshipin.com:8880/PLTV/iptv.php?id=j2, IPv_Type: ipv4, Date: None, Delay: 1067 ms, Speed: 1.09 M/s, Resolution: 1920x1080
Name: Viutv, URL: https://cdn.iptv8k.top/dl/jrys.php?id=78&time=20240926215313&ip=111.229.253.40, IPv_Type: ipv4, Date: None, Delay: 94 ms, Speed: 3.26 M/s, Resolution: 1920x1080
Name: Viutv, URL: https://turkmedya-live.ercdn.net/tv360/tv360.m3u8, IPv_Type: ipv4, Date: None, Delay: 1303 ms, Speed: 2.84 M/s, Resolution: 1920x1080
Name: 无线新闻, URL: http://php.jdshipin.com:8880/TVOD/iptv.php?id=tvbxw, IPv_Type: ipv4, Date: None, Delay: 151 ms, Speed: 0.00 M/s, Resolution: 1920x1080
Name: 三立新闻, URL: https://cdn.iptv8k.top/dl/jrys.php?id=273&time=20240926215313&ip=111.229.253.40, IPv_Type: ipv4, Date: None, Delay: 98 ms, Speed: 3.14 M/s, Resolution: 1920x1080
Name: 东森综合, URL: https://cdn.iptv8k.top/dl/jrys.php?id=220&time=20240926215313&ip=111.229.253.40, IPv_Type: ipv4, Date: None, Delay: 37 ms, Speed: 8.40 M/s, Resolution: 1920x1080
Name: 东森综合, URL: https://cdn.iptv8k.top/dl/jrys.php?id=221&time=20240926215313&ip=111.229.253.40, IPv_Type: ipv4, Date: None, Delay: 179 ms, Speed: 1.72 M/s, Resolution: 1920x1080
Name: 东森综合, URL: https://cdn.iptv8k.top/dl/jrys.php?id=221&amp;time=20240926215313&amp;ip=111.229.253.40, IPv_Type: ipv4, Date: None, Delay: 37 ms, Speed: 8.40 M/s, Resolution: 1920x1080
Name: 东森超视, URL: https://cdn.iptv8k.top/dl/jrys.php?id=216&time=20240926215313&ip=111.229.253.40, IPv_Type: ipv4, Date: None, Delay: 32 ms, Speed: 9.57 M/s, Resolution: 1920x1080
Name: 东森超视, URL: https://cdn.iptv8k.top/dl/jrys.php?id=217&time=20240926215313&ip=111.229.253.40, IPv_Type: ipv4, Date: None, Delay: 35 ms, Speed: 8.75 M/s, Resolution: 1920x1080
Name: 东森超视, URL: https://cdn.iptv8k.top/dl/jrys.php?id=216&time=20240926215313&ip=111.229.253.40#rtmp://f13h.mine.nu/sat/tv331#rtmp://f13h.mine.nu/sat/tv331, IPv_Type: ipv4, Date: None, Delay: 89 ms, Speed: 3.47 M/s, Resolution: 1920x1080
Name: 东森电影, URL: https://cdn.iptv8k.top/dl/jrys.php?id=231&time=20240926215313&ip=111.229.253.40, IPv_Type: ipv4, Date: None, Delay: 34 ms, Speed: 9.16 M/s, Resolution: 1920x1080
